<?xml version="1.0" encoding="UTF-8"?>
<coverage generated="1664294983667" clover="3.2.0">
  <project timestamp="1664294983668" name="All files">
    <metrics statements="86" coveredstatements="86" conditionals="39" coveredconditionals="37" methods="19" coveredmethods="18" elements="144" coveredelements="141" complexity="0" loc="86" ncloc="86" packages="4" files="11" classes="11"/>
    <package name="components">
      <metrics statements="19" coveredstatements="19" conditionals="2" coveredconditionals="1" methods="12" coveredmethods="12"/>
      <file name="Button.js" path="/Users/andrean.buhchev/Documents/ReactNative/RN-BasicCalculatorApp/components/Button.js">
        <metrics statements="4" coveredstatements="4" conditionals="2" coveredconditionals="1" methods="3" coveredmethods="3"/>
        <line num="4" count="432" type="stmt"/>
        <line num="7" count="19" type="stmt"/>
        <line num="9" count="432" type="cond" truecount="1" falsecount="1"/>
        <line num="18" count="1" type="stmt"/>
      </file>
      <file name="Buttons.js" path="/Users/andrean.buhchev/Documents/ReactNative/RN-BasicCalculatorApp/components/Buttons.js">
        <metrics statements="3" coveredstatements="3" conditionals="0" coveredconditionals="0" methods="2" coveredmethods="2"/>
        <line num="6" count="24" type="stmt"/>
        <line num="10" count="72" type="stmt"/>
        <line num="28" count="1" type="stmt"/>
      </file>
      <file name="CalculationField.js" path="/Users/andrean.buhchev/Documents/ReactNative/RN-BasicCalculatorApp/components/CalculationField.js">
        <metrics statements="2" coveredstatements="2" conditionals="0" coveredconditionals="0" methods="1" coveredmethods="1"/>
        <line num="4" count="24" type="stmt"/>
        <line num="15" count="1" type="stmt"/>
      </file>
      <file name="Operators.js" path="/Users/andrean.buhchev/Documents/ReactNative/RN-BasicCalculatorApp/components/Operators.js">
        <metrics statements="5" coveredstatements="5" conditionals="0" coveredconditionals="0" methods="3" coveredmethods="3"/>
        <line num="6" count="24" type="stmt"/>
        <line num="8" count="24" type="stmt"/>
        <line num="11" count="48" type="stmt"/>
        <line num="19" count="96" type="stmt"/>
        <line num="32" count="1" type="stmt"/>
      </file>
      <file name="ResultField.js" path="/Users/andrean.buhchev/Documents/ReactNative/RN-BasicCalculatorApp/components/ResultField.js">
        <metrics statements="2" coveredstatements="2" conditionals="0" coveredconditionals="0" methods="1" coveredmethods="1"/>
        <line num="4" count="24" type="stmt"/>
        <line num="15" count="1" type="stmt"/>
      </file>
      <file name="Row.js" path="/Users/andrean.buhchev/Documents/ReactNative/RN-BasicCalculatorApp/components/Row.js">
        <metrics statements="3" coveredstatements="3" conditionals="0" coveredconditionals="0" methods="2" coveredmethods="2"/>
        <line num="5" count="72" type="stmt"/>
        <line num="8" count="216" type="stmt"/>
        <line num="20" count="1" type="stmt"/>
      </file>
    </package>
    <package name="constants">
      <metrics statements="1" coveredstatements="1" conditionals="0" coveredconditionals="0" methods="0" coveredmethods="0"/>
      <file name="OPERATORS.js" path="/Users/andrean.buhchev/Documents/ReactNative/RN-BasicCalculatorApp/constants/OPERATORS.js">
        <metrics statements="1" coveredstatements="1" conditionals="0" coveredconditionals="0" methods="0" coveredmethods="0"/>
        <line num="1" count="3" type="stmt"/>
      </file>
    </package>
    <package name="screens">
      <metrics statements="18" coveredstatements="18" conditionals="4" coveredconditionals="4" methods="4" coveredmethods="3"/>
      <file name="CalculatorScreen.js" path="/Users/andrean.buhchev/Documents/ReactNative/RN-BasicCalculatorApp/screens/CalculatorScreen.js">
        <metrics statements="18" coveredstatements="18" conditionals="4" coveredconditionals="4" methods="4" coveredmethods="3"/>
        <line num="13" count="24" type="stmt"/>
        <line num="14" count="24" type="stmt"/>
        <line num="16" count="24" type="stmt"/>
        <line num="19" count="24" type="stmt"/>
        <line num="21" count="24" type="stmt"/>
        <line num="22" count="16" type="stmt"/>
        <line num="23" count="16" type="cond" truecount="2" falsecount="0"/>
        <line num="24" count="14" type="stmt"/>
        <line num="26" count="2" type="stmt"/>
        <line num="27" count="2" type="stmt"/>
        <line num="31" count="24" type="stmt"/>
        <line num="32" count="3" type="stmt"/>
        <line num="34" count="3" type="cond" truecount="2" falsecount="0"/>
        <line num="35" count="1" type="stmt"/>
        <line num="37" count="2" type="stmt"/>
        <line num="38" count="2" type="stmt"/>
        <line num="42" count="24" type="stmt"/>
        <line num="64" count="1" type="stmt"/>
      </file>
    </package>
    <package name="services">
      <metrics statements="48" coveredstatements="48" conditionals="33" coveredconditionals="32" methods="3" coveredmethods="3"/>
      <file name="buttonPressHandler.js" path="/Users/andrean.buhchev/Documents/ReactNative/RN-BasicCalculatorApp/services/buttonPressHandler.js">
        <metrics statements="12" coveredstatements="12" conditionals="16" coveredconditionals="16" methods="1" coveredmethods="1"/>
        <line num="4" count="21" type="stmt"/>
        <line num="6" count="21" type="stmt"/>
        <line num="7" count="27" type="cond" truecount="2" falsecount="0"/>
        <line num="8" count="9" type="stmt"/>
        <line num="12" count="21" type="cond" truecount="4" falsecount="0"/>
        <line num="13" count="6" type="stmt"/>
        <line num="14" count="15" type="cond" truecount="2" falsecount="0"/>
        <line num="18" count="1" type="stmt"/>
        <line num="19" count="14" type="cond" truecount="4" falsecount="0"/>
        <line num="20" count="3" type="stmt"/>
        <line num="21" count="3" type="stmt"/>
        <line num="23" count="11" type="stmt"/>
      </file>
      <file name="calculatorService.js" path="/Users/andrean.buhchev/Documents/ReactNative/RN-BasicCalculatorApp/services/calculatorService.js">
        <metrics statements="27" coveredstatements="27" conditionals="10" coveredconditionals="9" methods="1" coveredmethods="1"/>
        <line num="2" count="9" type="stmt"/>
        <line num="3" count="9" type="stmt"/>
        <line num="4" count="9" type="stmt"/>
        <line num="5" count="9" type="stmt"/>
        <line num="7" count="9" type="stmt"/>
        <line num="8" count="26" type="stmt"/>
        <line num="10" count="26" type="cond" truecount="4" falsecount="0"/>
        <line num="11" count="17" type="stmt"/>
        <line num="12" count="9" type="cond" truecount="1" falsecount="1"/>
        <line num="13" count="9" type="stmt"/>
        <line num="14" count="9" type="stmt"/>
        <line num="15" count="9" type="stmt"/>
        <line num="18" count="9" type="stmt"/>
        <line num="20" count="9" type="stmt"/>
        <line num="21" count="9" type="stmt"/>
        <line num="22" count="9" type="stmt"/>
        <line num="23" count="9" type="stmt"/>
        <line num="25" count="9" type="cond" truecount="4" falsecount="0"/>
        <line num="27" count="1" type="stmt"/>
        <line num="28" count="1" type="stmt"/>
        <line num="30" count="5" type="stmt"/>
        <line num="31" count="5" type="stmt"/>
        <line num="33" count="1" type="stmt"/>
        <line num="34" count="1" type="stmt"/>
        <line num="36" count="2" type="stmt"/>
        <line num="37" count="2" type="stmt"/>
        <line num="40" count="9" type="stmt"/>
      </file>
      <file name="operationPressHandler.js" path="/Users/andrean.buhchev/Documents/ReactNative/RN-BasicCalculatorApp/services/operationPressHandler.js">
        <metrics statements="9" coveredstatements="9" conditionals="7" coveredconditionals="7" methods="1" coveredmethods="1"/>
        <line num="5" count="8" type="cond" truecount="3" falsecount="0"/>
        <line num="7" count="3" type="cond" truecount="2" falsecount="0"/>
        <line num="8" count="1" type="stmt"/>
        <line num="10" count="2" type="stmt"/>
        <line num="11" count="2" type="stmt"/>
        <line num="14" count="3" type="cond" truecount="2" falsecount="0"/>
        <line num="15" count="1" type="stmt"/>
        <line num="17" count="2" type="stmt"/>
        <line num="22" count="2" type="stmt"/>
      </file>
    </package>
  </project>
</coverage>
