{"/Users/andrean.buhchev/Documents/ReactNative/RN-BasicCalculatorApp/components/Button.js": {"path":"/Users/andrean.buhchev/Documents/ReactNative/RN-BasicCalculatorApp/components/Button.js","statementMap":{"0":{"start":{"line":4,"column":2},"end":{"line":13,"column":4}},"1":{"start":{"line":7,"column":8},"end":{"line":7,"column":35}},"2":{"start":{"line":9,"column":30},"end":{"line":9,"column":61}},"3":{"start":{"line":18,"column":15},"end":{"line":27,"column":2}}},"fnMap":{"0":{"name":"Button","decl":{"start":{"line":3,"column":9},"end":{"line":3,"column":15}},"loc":{"start":{"line":3,"column":23},"end":{"line":14,"column":1}},"line":3},"1":{"name":"(anonymous_1)","decl":{"start":{"line":6,"column":15},"end":{"line":6,"column":16}},"loc":{"start":{"line":6,"column":21},"end":{"line":8,"column":7}},"line":6},"2":{"name":"(anonymous_2)","decl":{"start":{"line":9,"column":13},"end":{"line":9,"column":14}},"loc":{"start":{"line":9,"column":30},"end":{"line":9,"column":61}},"line":9}},"branchMap":{"0":{"loc":{"start":{"line":9,"column":30},"end":{"line":9,"column":61}},"type":"binary-expr","locations":[{"start":{"line":9,"column":30},"end":{"line":9,"column":37}},{"start":{"line":9,"column":41},"end":{"line":9,"column":61}}],"line":9}},"s":{"0":450,"1":19,"2":450,"3":1},"f":{"0":450,"1":19,"2":450},"b":{"0":[450,0]},"_coverageSchema":"1a1c01bbd47fc00a2c39e90264f33305004495a9","hash":"f66b89e5b982ffcc93f084f1d9f3d9c6bc4fe194"}
,"/Users/andrean.buhchev/Documents/ReactNative/RN-BasicCalculatorApp/components/Buttons.js": {"path":"/Users/andrean.buhchev/Documents/ReactNative/RN-BasicCalculatorApp/components/Buttons.js","statementMap":{"0":{"start":{"line":6,"column":2},"end":{"line":23,"column":4}},"1":{"start":{"line":10,"column":10},"end":{"line":14,"column":12}},"2":{"start":{"line":28,"column":15},"end":{"line":40,"column":2}}},"fnMap":{"0":{"name":"Buttons","decl":{"start":{"line":5,"column":9},"end":{"line":5,"column":16}},"loc":{"start":{"line":5,"column":24},"end":{"line":24,"column":1}},"line":5},"1":{"name":"(anonymous_1)","decl":{"start":{"line":9,"column":22},"end":{"line":9,"column":23}},"loc":{"start":{"line":10,"column":10},"end":{"line":14,"column":12}},"line":10}},"branchMap":{},"s":{"0":25,"1":75,"2":1},"f":{"0":25,"1":75},"b":{},"_coverageSchema":"1a1c01bbd47fc00a2c39e90264f33305004495a9","hash":"2e94b2708327bfb251f64976f85cc16911b55cf9"}
,"/Users/andrean.buhchev/Documents/ReactNative/RN-BasicCalculatorApp/components/CalculationField.js": {"path":"/Users/andrean.buhchev/Documents/ReactNative/RN-BasicCalculatorApp/components/CalculationField.js","statementMap":{"0":{"start":{"line":4,"column":2},"end":{"line":10,"column":4}},"1":{"start":{"line":15,"column":15},"end":{"line":29,"column":2}}},"fnMap":{"0":{"name":"CalculationField","decl":{"start":{"line":3,"column":9},"end":{"line":3,"column":25}},"loc":{"start":{"line":3,"column":33},"end":{"line":11,"column":1}},"line":3}},"branchMap":{},"s":{"0":25,"1":1},"f":{"0":25},"b":{},"_coverageSchema":"1a1c01bbd47fc00a2c39e90264f33305004495a9","hash":"b96369064cd114ce797adb0ae6d2dc465f6b8e06"}
,"/Users/andrean.buhchev/Documents/ReactNative/RN-BasicCalculatorApp/components/Operators.js": {"path":"/Users/andrean.buhchev/Documents/ReactNative/RN-BasicCalculatorApp/components/Operators.js","statementMap":{"0":{"start":{"line":6,"column":21},"end":{"line":6,"column":34}},"1":{"start":{"line":8,"column":2},"end":{"line":27,"column":4}},"2":{"start":{"line":11,"column":8},"end":{"line":16,"column":10}},"3":{"start":{"line":19,"column":8},"end":{"line":24,"column":10}},"4":{"start":{"line":32,"column":15},"end":{"line":46,"column":2}}},"fnMap":{"0":{"name":"Operators","decl":{"start":{"line":5,"column":9},"end":{"line":5,"column":18}},"loc":{"start":{"line":5,"column":26},"end":{"line":28,"column":1}},"line":5},"1":{"name":"(anonymous_1)","decl":{"start":{"line":10,"column":22},"end":{"line":10,"column":23}},"loc":{"start":{"line":11,"column":8},"end":{"line":16,"column":10}},"line":11},"2":{"name":"(anonymous_2)","decl":{"start":{"line":18,"column":21},"end":{"line":18,"column":22}},"loc":{"start":{"line":19,"column":8},"end":{"line":24,"column":10}},"line":19}},"branchMap":{},"s":{"0":25,"1":25,"2":50,"3":100,"4":1},"f":{"0":25,"1":50,"2":100},"b":{},"_coverageSchema":"1a1c01bbd47fc00a2c39e90264f33305004495a9","hash":"3d28ff776b16b33183187099d749983d36534707"}
,"/Users/andrean.buhchev/Documents/ReactNative/RN-BasicCalculatorApp/components/ResultField.js": {"path":"/Users/andrean.buhchev/Documents/ReactNative/RN-BasicCalculatorApp/components/ResultField.js","statementMap":{"0":{"start":{"line":4,"column":2},"end":{"line":10,"column":4}},"1":{"start":{"line":15,"column":15},"end":{"line":30,"column":2}}},"fnMap":{"0":{"name":"ResultField","decl":{"start":{"line":3,"column":9},"end":{"line":3,"column":20}},"loc":{"start":{"line":3,"column":28},"end":{"line":11,"column":1}},"line":3}},"branchMap":{},"s":{"0":25,"1":1},"f":{"0":25},"b":{},"_coverageSchema":"1a1c01bbd47fc00a2c39e90264f33305004495a9","hash":"7e454c05cb20a1caa0a6d06b514a8e25aafda2df"}
,"/Users/andrean.buhchev/Documents/ReactNative/RN-BasicCalculatorApp/components/Row.js": {"path":"/Users/andrean.buhchev/Documents/ReactNative/RN-BasicCalculatorApp/components/Row.js","statementMap":{"0":{"start":{"line":5,"column":2},"end":{"line":15,"column":4}},"1":{"start":{"line":8,"column":8},"end":{"line":12,"column":10}},"2":{"start":{"line":20,"column":15},"end":{"line":29,"column":2}}},"fnMap":{"0":{"name":"Row","decl":{"start":{"line":4,"column":9},"end":{"line":4,"column":12}},"loc":{"start":{"line":4,"column":20},"end":{"line":16,"column":1}},"line":4},"1":{"name":"(anonymous_1)","decl":{"start":{"line":7,"column":24},"end":{"line":7,"column":25}},"loc":{"start":{"line":8,"column":8},"end":{"line":12,"column":10}},"line":8}},"branchMap":{},"s":{"0":75,"1":225,"2":1},"f":{"0":75,"1":225},"b":{},"_coverageSchema":"1a1c01bbd47fc00a2c39e90264f33305004495a9","hash":"897aaee21428b77ac66b8bfde545e997890f62cf"}
,"/Users/andrean.buhchev/Documents/ReactNative/RN-BasicCalculatorApp/constants/OPERATORS.js": {"path":"/Users/andrean.buhchev/Documents/ReactNative/RN-BasicCalculatorApp/constants/OPERATORS.js","statementMap":{"0":{"start":{"line":1,"column":25},"end":{"line":1,"column":45}}},"fnMap":{},"branchMap":{},"s":{"0":3},"f":{},"b":{},"_coverageSchema":"1a1c01bbd47fc00a2c39e90264f33305004495a9","hash":"780faa4e37247738a8c880c313813b239692d6f6"}
,"/Users/andrean.buhchev/Documents/ReactNative/RN-BasicCalculatorApp/screens/CalculatorScreen.js": {"path":"/Users/andrean.buhchev/Documents/ReactNative/RN-BasicCalculatorApp/screens/CalculatorScreen.js","statementMap":{"0":{"start":{"line":13,"column":38},"end":{"line":13,"column":50}},"1":{"start":{"line":14,"column":48},"end":{"line":14,"column":61}},"2":{"start":{"line":15,"column":19},"end":{"line":18,"column":3}},"3":{"start":{"line":16,"column":10},"end":{"line":16,"column":60}},"4":{"start":{"line":20,"column":15},"end":{"line":20,"column":17}},"5":{"start":{"line":22,"column":24},"end":{"line":25,"column":3}},"6":{"start":{"line":23,"column":4},"end":{"line":23,"column":73}},"7":{"start":{"line":24,"column":4},"end":{"line":24,"column":18}},"8":{"start":{"line":27,"column":27},"end":{"line":30,"column":3}},"9":{"start":{"line":28,"column":4},"end":{"line":28,"column":76}},"10":{"start":{"line":29,"column":4},"end":{"line":29,"column":18}},"11":{"start":{"line":32,"column":22},"end":{"line":39,"column":3}},"12":{"start":{"line":33,"column":4},"end":{"line":38,"column":5}},"13":{"start":{"line":34,"column":6},"end":{"line":34,"column":36}},"14":{"start":{"line":36,"column":6},"end":{"line":36,"column":31}},"15":{"start":{"line":37,"column":6},"end":{"line":37,"column":36}},"16":{"start":{"line":41,"column":2},"end":{"line":58,"column":4}},"17":{"start":{"line":63,"column":15},"end":{"line":73,"column":2}}},"fnMap":{"0":{"name":"CalculatorScreen","decl":{"start":{"line":12,"column":9},"end":{"line":12,"column":25}},"loc":{"start":{"line":12,"column":28},"end":{"line":59,"column":1}},"line":12},"1":{"name":"(anonymous_1)","decl":{"start":{"line":16,"column":4},"end":{"line":16,"column":5}},"loc":{"start":{"line":16,"column":10},"end":{"line":16,"column":60}},"line":16},"2":{"name":"(anonymous_2)","decl":{"start":{"line":22,"column":24},"end":{"line":22,"column":25}},"loc":{"start":{"line":22,"column":42},"end":{"line":25,"column":3}},"line":22},"3":{"name":"(anonymous_3)","decl":{"start":{"line":27,"column":27},"end":{"line":27,"column":28}},"loc":{"start":{"line":27,"column":45},"end":{"line":30,"column":3}},"line":27},"4":{"name":"(anonymous_4)","decl":{"start":{"line":32,"column":22},"end":{"line":32,"column":23}},"loc":{"start":{"line":32,"column":28},"end":{"line":39,"column":3}},"line":32}},"branchMap":{"0":{"loc":{"start":{"line":33,"column":4},"end":{"line":38,"column":5}},"type":"if","locations":[{"start":{"line":33,"column":4},"end":{"line":38,"column":5}},{"start":{"line":35,"column":11},"end":{"line":38,"column":5}}],"line":33}},"s":{"0":25,"1":25,"2":25,"3":0,"4":25,"5":25,"6":16,"7":16,"8":25,"9":3,"10":3,"11":25,"12":19,"13":15,"14":4,"15":4,"16":25,"17":1},"f":{"0":25,"1":0,"2":16,"3":3,"4":19},"b":{"0":[15,4]},"_coverageSchema":"1a1c01bbd47fc00a2c39e90264f33305004495a9","hash":"a84c1e1ef36994d5557b45b18d8e8b7f57876978"}
,"/Users/andrean.buhchev/Documents/ReactNative/RN-BasicCalculatorApp/services/buttonPressHandler.js": {"path":"/Users/andrean.buhchev/Documents/ReactNative/RN-BasicCalculatorApp/services/buttonPressHandler.js","statementMap":{"0":{"start":{"line":4,"column":16},"end":{"line":4,"column":21}},"1":{"start":{"line":6,"column":2},"end":{"line":10,"column":3}},"2":{"start":{"line":7,"column":4},"end":{"line":9,"column":5}},"3":{"start":{"line":8,"column":6},"end":{"line":8,"column":21}},"4":{"start":{"line":12,"column":2},"end":{"line":24,"column":3}},"5":{"start":{"line":13,"column":4},"end":{"line":13,"column":26}},"6":{"start":{"line":14,"column":9},"end":{"line":24,"column":3}},"7":{"start":{"line":18,"column":4},"end":{"line":18,"column":29}},"8":{"start":{"line":19,"column":9},"end":{"line":24,"column":3}},"9":{"start":{"line":20,"column":17},"end":{"line":20,"column":62}},"10":{"start":{"line":21,"column":4},"end":{"line":21,"column":54}},"11":{"start":{"line":23,"column":4},"end":{"line":23,"column":55}}},"fnMap":{"0":{"name":"buttonPressHandler","decl":{"start":{"line":3,"column":16},"end":{"line":3,"column":34}},"loc":{"start":{"line":3,"column":76},"end":{"line":25,"column":1}},"line":3}},"branchMap":{"0":{"loc":{"start":{"line":7,"column":4},"end":{"line":9,"column":5}},"type":"if","locations":[{"start":{"line":7,"column":4},"end":{"line":9,"column":5}},{"start":{},"end":{}}],"line":7},"1":{"loc":{"start":{"line":12,"column":2},"end":{"line":24,"column":3}},"type":"if","locations":[{"start":{"line":12,"column":2},"end":{"line":24,"column":3}},{"start":{"line":14,"column":9},"end":{"line":24,"column":3}}],"line":12},"2":{"loc":{"start":{"line":12,"column":6},"end":{"line":12,"column":64}},"type":"binary-expr","locations":[{"start":{"line":12,"column":6},"end":{"line":12,"column":40}},{"start":{"line":12,"column":44},"end":{"line":12,"column":64}}],"line":12},"3":{"loc":{"start":{"line":14,"column":9},"end":{"line":24,"column":3}},"type":"if","locations":[{"start":{"line":14,"column":9},"end":{"line":24,"column":3}},{"start":{"line":19,"column":9},"end":{"line":24,"column":3}}],"line":14},"4":{"loc":{"start":{"line":15,"column":4},"end":{"line":16,"column":62}},"type":"binary-expr","locations":[{"start":{"line":15,"column":5},"end":{"line":15,"column":33}},{"start":{"line":15,"column":37},"end":{"line":15,"column":53}},{"start":{"line":16,"column":5},"end":{"line":16,"column":37}},{"start":{"line":16,"column":41},"end":{"line":16,"column":61}}],"line":15},"5":{"loc":{"start":{"line":19,"column":9},"end":{"line":24,"column":3}},"type":"if","locations":[{"start":{"line":19,"column":9},"end":{"line":24,"column":3}},{"start":{"line":22,"column":9},"end":{"line":24,"column":3}}],"line":19},"6":{"loc":{"start":{"line":19,"column":13},"end":{"line":19,"column":56}},"type":"binary-expr","locations":[{"start":{"line":19,"column":13},"end":{"line":19,"column":45}},{"start":{"line":19,"column":49},"end":{"line":19,"column":56}}],"line":19}},"s":{"0":21,"1":21,"2":27,"3":9,"4":21,"5":6,"6":15,"7":1,"8":14,"9":3,"10":3,"11":11},"f":{"0":21},"b":{"0":[9,18],"1":[6,15],"2":[21,7],"3":[1,14],"4":[15,13,2,1],"5":[3,11],"6":[14,9]},"_coverageSchema":"1a1c01bbd47fc00a2c39e90264f33305004495a9","hash":"cf02c5bb3c7751b3907bb25441d0cae308fbaa4b"}
,"/Users/andrean.buhchev/Documents/ReactNative/RN-BasicCalculatorApp/services/calculatorService.js": {"path":"/Users/andrean.buhchev/Documents/ReactNative/RN-BasicCalculatorApp/services/calculatorService.js","statementMap":{"0":{"start":{"line":2,"column":19},"end":{"line":2,"column":21}},"1":{"start":{"line":3,"column":20},"end":{"line":3,"column":22}},"2":{"start":{"line":4,"column":15},"end":{"line":4,"column":17}},"3":{"start":{"line":5,"column":15},"end":{"line":5,"column":16}},"4":{"start":{"line":7,"column":2},"end":{"line":17,"column":3}},"5":{"start":{"line":8,"column":15},"end":{"line":8,"column":40}},"6":{"start":{"line":10,"column":4},"end":{"line":16,"column":5}},"7":{"start":{"line":11,"column":6},"end":{"line":11,"column":32}},"8":{"start":{"line":12,"column":11},"end":{"line":16,"column":5}},"9":{"start":{"line":13,"column":6},"end":{"line":13,"column":27}},"10":{"start":{"line":14,"column":6},"end":{"line":14,"column":28}},"11":{"start":{"line":15,"column":6},"end":{"line":15,"column":18}},"12":{"start":{"line":18,"column":2},"end":{"line":18,"column":24}},"13":{"start":{"line":20,"column":2},"end":{"line":39,"column":3}},"14":{"start":{"line":21,"column":23},"end":{"line":21,"column":34}},"15":{"start":{"line":22,"column":24},"end":{"line":22,"column":39}},"16":{"start":{"line":23,"column":19},"end":{"line":23,"column":31}},"17":{"start":{"line":25,"column":4},"end":{"line":38,"column":5}},"18":{"start":{"line":27,"column":8},"end":{"line":27,"column":62}},"19":{"start":{"line":28,"column":8},"end":{"line":28,"column":14}},"20":{"start":{"line":30,"column":8},"end":{"line":30,"column":62}},"21":{"start":{"line":31,"column":8},"end":{"line":31,"column":14}},"22":{"start":{"line":33,"column":8},"end":{"line":33,"column":62}},"23":{"start":{"line":34,"column":8},"end":{"line":34,"column":14}},"24":{"start":{"line":36,"column":8},"end":{"line":36,"column":62}},"25":{"start":{"line":37,"column":8},"end":{"line":37,"column":14}},"26":{"start":{"line":40,"column":2},"end":{"line":40,"column":16}}},"fnMap":{"0":{"name":"calculatorService","decl":{"start":{"line":1,"column":16},"end":{"line":1,"column":33}},"loc":{"start":{"line":1,"column":62},"end":{"line":41,"column":1}},"line":1}},"branchMap":{"0":{"loc":{"start":{"line":10,"column":4},"end":{"line":16,"column":5}},"type":"if","locations":[{"start":{"line":10,"column":4},"end":{"line":16,"column":5}},{"start":{"line":12,"column":11},"end":{"line":16,"column":5}}],"line":10},"1":{"loc":{"start":{"line":10,"column":8},"end":{"line":10,"column":36}},"type":"binary-expr","locations":[{"start":{"line":10,"column":8},"end":{"line":10,"column":20}},{"start":{"line":10,"column":24},"end":{"line":10,"column":36}}],"line":10},"2":{"loc":{"start":{"line":12,"column":11},"end":{"line":16,"column":5}},"type":"if","locations":[{"start":{"line":12,"column":11},"end":{"line":16,"column":5}},{"start":{},"end":{}}],"line":12},"3":{"loc":{"start":{"line":25,"column":4},"end":{"line":38,"column":5}},"type":"switch","locations":[{"start":{"line":26,"column":6},"end":{"line":28,"column":14}},{"start":{"line":29,"column":6},"end":{"line":31,"column":14}},{"start":{"line":32,"column":6},"end":{"line":34,"column":14}},{"start":{"line":35,"column":6},"end":{"line":37,"column":14}}],"line":25}},"s":{"0":9,"1":9,"2":9,"3":9,"4":9,"5":26,"6":26,"7":17,"8":9,"9":9,"10":9,"11":9,"12":9,"13":9,"14":9,"15":9,"16":9,"17":9,"18":1,"19":1,"20":5,"21":5,"22":1,"23":1,"24":2,"25":2,"26":9},"f":{"0":9},"b":{"0":[17,9],"1":[26,9],"2":[9,0],"3":[1,5,1,2]},"_coverageSchema":"1a1c01bbd47fc00a2c39e90264f33305004495a9","hash":"95f94bfcb7e9c3e32c1fa44f5e364cf78dfc813d"}
,"/Users/andrean.buhchev/Documents/ReactNative/RN-BasicCalculatorApp/services/operationPressHandler.js": {"path":"/Users/andrean.buhchev/Documents/ReactNative/RN-BasicCalculatorApp/services/operationPressHandler.js","statementMap":{"0":{"start":{"line":5,"column":2},"end":{"line":23,"column":3}},"1":{"start":{"line":7,"column":6},"end":{"line":12,"column":7}},"2":{"start":{"line":8,"column":8},"end":{"line":8,"column":15}},"3":{"start":{"line":10,"column":21},"end":{"line":10,"column":66}},"4":{"start":{"line":11,"column":8},"end":{"line":11,"column":32}},"5":{"start":{"line":14,"column":6},"end":{"line":20,"column":7}},"6":{"start":{"line":15,"column":8},"end":{"line":15,"column":21}},"7":{"start":{"line":17,"column":8},"end":{"line":19,"column":10}},"8":{"start":{"line":22,"column":6},"end":{"line":22,"column":24}}},"fnMap":{"0":{"name":"operationPressHandler","decl":{"start":{"line":4,"column":16},"end":{"line":4,"column":37}},"loc":{"start":{"line":4,"column":79},"end":{"line":24,"column":1}},"line":4}},"branchMap":{"0":{"loc":{"start":{"line":5,"column":2},"end":{"line":23,"column":3}},"type":"switch","locations":[{"start":{"line":6,"column":4},"end":{"line":12,"column":7}},{"start":{"line":13,"column":4},"end":{"line":20,"column":7}},{"start":{"line":21,"column":4},"end":{"line":22,"column":24}}],"line":5},"1":{"loc":{"start":{"line":7,"column":6},"end":{"line":12,"column":7}},"type":"if","locations":[{"start":{"line":7,"column":6},"end":{"line":12,"column":7}},{"start":{"line":9,"column":13},"end":{"line":12,"column":7}}],"line":7},"2":{"loc":{"start":{"line":14,"column":6},"end":{"line":20,"column":7}},"type":"if","locations":[{"start":{"line":14,"column":6},"end":{"line":20,"column":7}},{"start":{"line":16,"column":13},"end":{"line":20,"column":7}}],"line":14}},"s":{"0":8,"1":3,"2":1,"3":2,"4":2,"5":3,"6":1,"7":2,"8":2},"f":{"0":8},"b":{"0":[3,3,2],"1":[1,2],"2":[1,2]},"_coverageSchema":"1a1c01bbd47fc00a2c39e90264f33305004495a9","hash":"1c20abfa878778b7fcfb2a467daf96b30a230e46"}
}
