{"/Users/andrean.buhchev/Documents/ReactNative/RN-BasicCalculatorApp/constants/OPERATORS.js": {"path":"/Users/andrean.buhchev/Documents/ReactNative/RN-BasicCalculatorApp/constants/OPERATORS.js","statementMap":{"0":{"start":{"line":1,"column":25},"end":{"line":1,"column":45}}},"fnMap":{},"branchMap":{},"s":{"0":2},"f":{},"b":{},"_coverageSchema":"1a1c01bbd47fc00a2c39e90264f33305004495a9","hash":"780faa4e37247738a8c880c313813b239692d6f6"}
,"/Users/andrean.buhchev/Documents/ReactNative/RN-BasicCalculatorApp/services/buttonPressHandler.js": {"path":"/Users/andrean.buhchev/Documents/ReactNative/RN-BasicCalculatorApp/services/buttonPressHandler.js","statementMap":{"0":{"start":{"line":4,"column":16},"end":{"line":4,"column":21}},"1":{"start":{"line":6,"column":2},"end":{"line":10,"column":3}},"2":{"start":{"line":7,"column":4},"end":{"line":9,"column":5}},"3":{"start":{"line":8,"column":6},"end":{"line":8,"column":21}},"4":{"start":{"line":12,"column":2},"end":{"line":24,"column":3}},"5":{"start":{"line":13,"column":4},"end":{"line":13,"column":26}},"6":{"start":{"line":14,"column":9},"end":{"line":24,"column":3}},"7":{"start":{"line":18,"column":4},"end":{"line":18,"column":29}},"8":{"start":{"line":19,"column":9},"end":{"line":24,"column":3}},"9":{"start":{"line":20,"column":17},"end":{"line":20,"column":62}},"10":{"start":{"line":21,"column":4},"end":{"line":21,"column":54}},"11":{"start":{"line":23,"column":4},"end":{"line":23,"column":55}}},"fnMap":{"0":{"name":"buttonPressHandler","decl":{"start":{"line":3,"column":16},"end":{"line":3,"column":34}},"loc":{"start":{"line":3,"column":76},"end":{"line":25,"column":1}},"line":3}},"branchMap":{"0":{"loc":{"start":{"line":7,"column":4},"end":{"line":9,"column":5}},"type":"if","locations":[{"start":{"line":7,"column":4},"end":{"line":9,"column":5}},{"start":{},"end":{}}],"line":7},"1":{"loc":{"start":{"line":12,"column":2},"end":{"line":24,"column":3}},"type":"if","locations":[{"start":{"line":12,"column":2},"end":{"line":24,"column":3}},{"start":{"line":14,"column":9},"end":{"line":24,"column":3}}],"line":12},"2":{"loc":{"start":{"line":12,"column":6},"end":{"line":12,"column":64}},"type":"binary-expr","locations":[{"start":{"line":12,"column":6},"end":{"line":12,"column":40}},{"start":{"line":12,"column":44},"end":{"line":12,"column":64}}],"line":12},"3":{"loc":{"start":{"line":14,"column":9},"end":{"line":24,"column":3}},"type":"if","locations":[{"start":{"line":14,"column":9},"end":{"line":24,"column":3}},{"start":{"line":19,"column":9},"end":{"line":24,"column":3}}],"line":14},"4":{"loc":{"start":{"line":15,"column":4},"end":{"line":16,"column":62}},"type":"binary-expr","locations":[{"start":{"line":15,"column":5},"end":{"line":15,"column":33}},{"start":{"line":15,"column":37},"end":{"line":15,"column":53}},{"start":{"line":16,"column":5},"end":{"line":16,"column":37}},{"start":{"line":16,"column":41},"end":{"line":16,"column":61}}],"line":15},"5":{"loc":{"start":{"line":19,"column":9},"end":{"line":24,"column":3}},"type":"if","locations":[{"start":{"line":19,"column":9},"end":{"line":24,"column":3}},{"start":{"line":22,"column":9},"end":{"line":24,"column":3}}],"line":19},"6":{"loc":{"start":{"line":19,"column":13},"end":{"line":19,"column":56}},"type":"binary-expr","locations":[{"start":{"line":19,"column":13},"end":{"line":19,"column":45}},{"start":{"line":19,"column":49},"end":{"line":19,"column":56}}],"line":19}},"s":{"0":5,"1":5,"2":9,"3":3,"4":5,"5":1,"6":4,"7":1,"8":3,"9":1,"10":1,"11":2},"f":{"0":5},"b":{"0":[3,6],"1":[1,4],"2":[5,2],"3":[1,3],"4":[4,2,2,1],"5":[1,2],"6":[3,2]},"_coverageSchema":"1a1c01bbd47fc00a2c39e90264f33305004495a9","hash":"cf02c5bb3c7751b3907bb25441d0cae308fbaa4b"}
,"/Users/andrean.buhchev/Documents/ReactNative/RN-BasicCalculatorApp/services/calculatorService.js": {"path":"/Users/andrean.buhchev/Documents/ReactNative/RN-BasicCalculatorApp/services/calculatorService.js","statementMap":{"0":{"start":{"line":2,"column":19},"end":{"line":2,"column":21}},"1":{"start":{"line":3,"column":20},"end":{"line":3,"column":22}},"2":{"start":{"line":4,"column":15},"end":{"line":4,"column":17}},"3":{"start":{"line":5,"column":15},"end":{"line":5,"column":16}},"4":{"start":{"line":7,"column":2},"end":{"line":17,"column":3}},"5":{"start":{"line":8,"column":15},"end":{"line":8,"column":40}},"6":{"start":{"line":10,"column":4},"end":{"line":16,"column":5}},"7":{"start":{"line":11,"column":6},"end":{"line":11,"column":32}},"8":{"start":{"line":12,"column":11},"end":{"line":16,"column":5}},"9":{"start":{"line":13,"column":6},"end":{"line":13,"column":27}},"10":{"start":{"line":14,"column":6},"end":{"line":14,"column":28}},"11":{"start":{"line":15,"column":6},"end":{"line":15,"column":18}},"12":{"start":{"line":18,"column":2},"end":{"line":18,"column":24}},"13":{"start":{"line":20,"column":2},"end":{"line":39,"column":3}},"14":{"start":{"line":21,"column":23},"end":{"line":21,"column":34}},"15":{"start":{"line":22,"column":24},"end":{"line":22,"column":39}},"16":{"start":{"line":23,"column":19},"end":{"line":23,"column":31}},"17":{"start":{"line":25,"column":4},"end":{"line":38,"column":5}},"18":{"start":{"line":27,"column":8},"end":{"line":27,"column":62}},"19":{"start":{"line":28,"column":8},"end":{"line":28,"column":14}},"20":{"start":{"line":30,"column":8},"end":{"line":30,"column":62}},"21":{"start":{"line":31,"column":8},"end":{"line":31,"column":14}},"22":{"start":{"line":33,"column":8},"end":{"line":33,"column":62}},"23":{"start":{"line":34,"column":8},"end":{"line":34,"column":14}},"24":{"start":{"line":36,"column":8},"end":{"line":36,"column":62}},"25":{"start":{"line":37,"column":8},"end":{"line":37,"column":14}},"26":{"start":{"line":40,"column":2},"end":{"line":40,"column":16}}},"fnMap":{"0":{"name":"calculatorService","decl":{"start":{"line":1,"column":16},"end":{"line":1,"column":33}},"loc":{"start":{"line":1,"column":62},"end":{"line":41,"column":1}},"line":1}},"branchMap":{"0":{"loc":{"start":{"line":10,"column":4},"end":{"line":16,"column":5}},"type":"if","locations":[{"start":{"line":10,"column":4},"end":{"line":16,"column":5}},{"start":{"line":12,"column":11},"end":{"line":16,"column":5}}],"line":10},"1":{"loc":{"start":{"line":10,"column":8},"end":{"line":10,"column":36}},"type":"binary-expr","locations":[{"start":{"line":10,"column":8},"end":{"line":10,"column":20}},{"start":{"line":10,"column":24},"end":{"line":10,"column":36}}],"line":10},"2":{"loc":{"start":{"line":12,"column":11},"end":{"line":16,"column":5}},"type":"if","locations":[{"start":{"line":12,"column":11},"end":{"line":16,"column":5}},{"start":{},"end":{}}],"line":12},"3":{"loc":{"start":{"line":25,"column":4},"end":{"line":38,"column":5}},"type":"switch","locations":[{"start":{"line":26,"column":6},"end":{"line":28,"column":14}},{"start":{"line":29,"column":6},"end":{"line":31,"column":14}},{"start":{"line":32,"column":6},"end":{"line":34,"column":14}},{"start":{"line":35,"column":6},"end":{"line":37,"column":14}}],"line":25}},"s":{"0":6,"1":6,"2":6,"3":6,"4":6,"5":18,"6":18,"7":12,"8":6,"9":6,"10":6,"11":6,"12":6,"13":6,"14":6,"15":6,"16":6,"17":6,"18":1,"19":1,"20":3,"21":3,"22":1,"23":1,"24":1,"25":1,"26":6},"f":{"0":6},"b":{"0":[12,6],"1":[18,6],"2":[6,0],"3":[1,3,1,1]},"_coverageSchema":"1a1c01bbd47fc00a2c39e90264f33305004495a9","hash":"95f94bfcb7e9c3e32c1fa44f5e364cf78dfc813d"}
,"/Users/andrean.buhchev/Documents/ReactNative/RN-BasicCalculatorApp/services/operationPressHandler.js": {"path":"/Users/andrean.buhchev/Documents/ReactNative/RN-BasicCalculatorApp/services/operationPressHandler.js","statementMap":{"0":{"start":{"line":5,"column":2},"end":{"line":23,"column":3}},"1":{"start":{"line":7,"column":6},"end":{"line":12,"column":7}},"2":{"start":{"line":8,"column":8},"end":{"line":8,"column":15}},"3":{"start":{"line":10,"column":21},"end":{"line":10,"column":66}},"4":{"start":{"line":11,"column":8},"end":{"line":11,"column":32}},"5":{"start":{"line":14,"column":6},"end":{"line":20,"column":7}},"6":{"start":{"line":15,"column":8},"end":{"line":15,"column":21}},"7":{"start":{"line":17,"column":8},"end":{"line":19,"column":10}},"8":{"start":{"line":22,"column":6},"end":{"line":22,"column":24}}},"fnMap":{"0":{"name":"operationPressHandler","decl":{"start":{"line":4,"column":16},"end":{"line":4,"column":37}},"loc":{"start":{"line":4,"column":79},"end":{"line":24,"column":1}},"line":4}},"branchMap":{"0":{"loc":{"start":{"line":5,"column":2},"end":{"line":23,"column":3}},"type":"switch","locations":[{"start":{"line":6,"column":4},"end":{"line":12,"column":7}},{"start":{"line":13,"column":4},"end":{"line":20,"column":7}},{"start":{"line":21,"column":4},"end":{"line":22,"column":24}}],"line":5},"1":{"loc":{"start":{"line":7,"column":6},"end":{"line":12,"column":7}},"type":"if","locations":[{"start":{"line":7,"column":6},"end":{"line":12,"column":7}},{"start":{"line":9,"column":13},"end":{"line":12,"column":7}}],"line":7},"2":{"loc":{"start":{"line":14,"column":6},"end":{"line":20,"column":7}},"type":"if","locations":[{"start":{"line":14,"column":6},"end":{"line":20,"column":7}},{"start":{"line":16,"column":13},"end":{"line":20,"column":7}}],"line":14}},"s":{"0":5,"1":2,"2":1,"3":1,"4":1,"5":2,"6":1,"7":1,"8":1},"f":{"0":5},"b":{"0":[2,2,1],"1":[1,1],"2":[1,1]},"_coverageSchema":"1a1c01bbd47fc00a2c39e90264f33305004495a9","hash":"1c20abfa878778b7fcfb2a467daf96b30a230e46"}
}
