TN:
SF:components/Button.js
FN:3,Button
FN:6,(anonymous_1)
FN:9,(anonymous_2)
FNF:3
FNH:3
FNDA:432,Button
FNDA:19,(anonymous_1)
FNDA:432,(anonymous_2)
DA:4,432
DA:7,19
DA:9,432
DA:18,1
LF:4
LH:4
BRDA:9,0,0,432
BRDA:9,0,1,0
BRF:2
BRH:1
end_of_record
TN:
SF:components/Buttons.js
FN:5,Buttons
FN:9,(anonymous_1)
FNF:2
FNH:2
FNDA:24,Buttons
FNDA:72,(anonymous_1)
DA:6,24
DA:10,72
DA:28,1
LF:3
LH:3
BRF:0
BRH:0
end_of_record
TN:
SF:components/CalculationField.js
FN:3,CalculationField
FNF:1
FNH:1
FNDA:24,CalculationField
DA:4,24
DA:15,1
LF:2
LH:2
BRF:0
BRH:0
end_of_record
TN:
SF:components/Operators.js
FN:5,Operators
FN:10,(anonymous_1)
FN:18,(anonymous_2)
FNF:3
FNH:3
FNDA:24,Operators
FNDA:48,(anonymous_1)
FNDA:96,(anonymous_2)
DA:6,24
DA:8,24
DA:11,48
DA:19,96
DA:32,1
LF:5
LH:5
BRF:0
BRH:0
end_of_record
TN:
SF:components/ResultField.js
FN:3,ResultField
FNF:1
FNH:1
FNDA:24,ResultField
DA:4,24
DA:15,1
LF:2
LH:2
BRF:0
BRH:0
end_of_record
TN:
SF:components/Row.js
FN:4,Row
FN:7,(anonymous_1)
FNF:2
FNH:2
FNDA:72,Row
FNDA:216,(anonymous_1)
DA:5,72
DA:8,216
DA:20,1
LF:3
LH:3
BRF:0
BRH:0
end_of_record
TN:
SF:constants/OPERATORS.js
FNF:0
FNH:0
DA:1,3
LF:1
LH:1
BRF:0
BRH:0
end_of_record
TN:
SF:screens/CalculatorScreen.js
FN:12,CalculatorScreen
FN:16,(anonymous_1)
FN:21,(anonymous_2)
FN:31,(anonymous_3)
FNF:4
FNH:3
FNDA:24,CalculatorScreen
FNDA:0,(anonymous_1)
FNDA:16,(anonymous_2)
FNDA:3,(anonymous_3)
DA:13,24
DA:14,24
DA:16,24
DA:19,24
DA:21,24
DA:22,16
DA:23,16
DA:24,14
DA:26,2
DA:27,2
DA:31,24
DA:32,3
DA:34,3
DA:35,1
DA:37,2
DA:38,2
DA:42,24
DA:64,1
LF:18
LH:18
BRDA:23,0,0,14
BRDA:23,0,1,2
BRDA:34,1,0,1
BRDA:34,1,1,2
BRF:4
BRH:4
end_of_record
TN:
SF:services/buttonPressHandler.js
FN:3,buttonPressHandler
FNF:1
FNH:1
FNDA:21,buttonPressHandler
DA:4,21
DA:6,21
DA:7,27
DA:8,9
DA:12,21
DA:13,6
DA:14,15
DA:18,1
DA:19,14
DA:20,3
DA:21,3
DA:23,11
LF:12
LH:12
BRDA:7,0,0,9
BRDA:7,0,1,18
BRDA:12,1,0,6
BRDA:12,1,1,15
BRDA:12,2,0,21
BRDA:12,2,1,7
BRDA:14,3,0,1
BRDA:14,3,1,14
BRDA:15,4,0,15
BRDA:15,4,1,13
BRDA:15,4,2,2
BRDA:15,4,3,1
BRDA:19,5,0,3
BRDA:19,5,1,11
BRDA:19,6,0,14
BRDA:19,6,1,9
BRF:16
BRH:16
end_of_record
TN:
SF:services/calculatorService.js
FN:1,calculatorService
FNF:1
FNH:1
FNDA:9,calculatorService
DA:2,9
DA:3,9
DA:4,9
DA:5,9
DA:7,9
DA:8,26
DA:10,26
DA:11,17
DA:12,9
DA:13,9
DA:14,9
DA:15,9
DA:18,9
DA:20,9
DA:21,9
DA:22,9
DA:23,9
DA:25,9
DA:27,1
DA:28,1
DA:30,5
DA:31,5
DA:33,1
DA:34,1
DA:36,2
DA:37,2
DA:40,9
LF:27
LH:27
BRDA:10,0,0,17
BRDA:10,0,1,9
BRDA:10,1,0,26
BRDA:10,1,1,9
BRDA:12,2,0,9
BRDA:12,2,1,0
BRDA:25,3,0,1
BRDA:25,3,1,5
BRDA:25,3,2,1
BRDA:25,3,3,2
BRF:10
BRH:9
end_of_record
TN:
SF:services/operationPressHandler.js
FN:4,operationPressHandler
FNF:1
FNH:1
FNDA:8,operationPressHandler
DA:5,8
DA:7,3
DA:8,1
DA:10,2
DA:11,2
DA:14,3
DA:15,1
DA:17,2
DA:22,2
LF:9
LH:9
BRDA:5,0,0,3
BRDA:5,0,1,3
BRDA:5,0,2,2
BRDA:7,1,0,1
BRDA:7,1,1,2
BRDA:14,2,0,1
BRDA:14,2,1,2
BRF:7
BRH:7
end_of_record
