TN:
SF:constants/OPERATORS.js
FNF:0
FNH:0
DA:1,2
LF:1
LH:1
BRF:0
BRH:0
end_of_record
TN:
SF:services/buttonPressHandler.js
FN:3,buttonPressHandler
FNF:1
FNH:1
FNDA:5,buttonPressHandler
DA:4,5
DA:6,5
DA:7,9
DA:8,3
DA:12,5
DA:13,1
DA:14,4
DA:18,1
DA:19,3
DA:20,1
DA:21,1
DA:23,2
LF:12
LH:12
BRDA:7,0,0,3
BRDA:7,0,1,6
BRDA:12,1,0,1
BRDA:12,1,1,4
BRDA:12,2,0,5
BRDA:12,2,1,2
BRDA:14,3,0,1
BRDA:14,3,1,3
BRDA:15,4,0,4
BRDA:15,4,1,2
BRDA:15,4,2,2
BRDA:15,4,3,1
BRDA:19,5,0,1
BRDA:19,5,1,2
BRDA:19,6,0,3
BRDA:19,6,1,2
BRF:16
BRH:16
end_of_record
TN:
SF:services/calculatorService.js
FN:1,calculatorService
FNF:1
FNH:1
FNDA:6,calculatorService
DA:2,6
DA:3,6
DA:4,6
DA:5,6
DA:7,6
DA:8,18
DA:10,18
DA:11,12
DA:12,6
DA:13,6
DA:14,6
DA:15,6
DA:18,6
DA:20,6
DA:21,6
DA:22,6
DA:23,6
DA:25,6
DA:27,1
DA:28,1
DA:30,3
DA:31,3
DA:33,1
DA:34,1
DA:36,1
DA:37,1
DA:40,6
LF:27
LH:27
BRDA:10,0,0,12
BRDA:10,0,1,6
BRDA:10,1,0,18
BRDA:10,1,1,6
BRDA:12,2,0,6
BRDA:12,2,1,0
BRDA:25,3,0,1
BRDA:25,3,1,3
BRDA:25,3,2,1
BRDA:25,3,3,1
BRF:10
BRH:9
end_of_record
TN:
SF:services/operationPressHandler.js
FN:4,operationPressHandler
FNF:1
FNH:1
FNDA:5,operationPressHandler
DA:5,5
DA:7,2
DA:8,1
DA:10,1
DA:11,1
DA:14,2
DA:15,1
DA:17,1
DA:22,1
LF:9
LH:9
BRDA:5,0,0,2
BRDA:5,0,1,2
BRDA:5,0,2,1
BRDA:7,1,0,1
BRDA:7,1,1,1
BRDA:14,2,0,1
BRDA:14,2,1,1
BRF:7
BRH:7
end_of_record
